[0.952s] DEBUG:colcon:Command line arguments: ['/usr/bin/colcon', 'build']
[0.953s] DEBUG:colcon:Parsed command line arguments: Namespace(log_base=None, log_level=None, verb_name='build', build_base='build', install_base='install', merge_install=False, symlink_install=False, test_result_base=None, continue_on_error=False, executor='parallel', parallel_workers=4, event_handlers=None, ignore_user_meta=False, metas=['./colcon.meta'], base_paths=['.'], packages_ignore=None, packages_ignore_regex=None, paths=None, packages_up_to=None, packages_up_to_regex=None, packages_above=None, packages_above_and_dependencies=None, packages_above_depth=None, packages_select_by_dep=None, packages_skip_by_dep=None, packages_skip_up_to=None, packages_select_build_failed=False, packages_skip_build_finished=False, packages_select_test_failures=False, packages_skip_test_passed=False, packages_select=None, packages_skip=None, packages_select_regex=None, packages_skip_regex=None, packages_start=None, packages_end=None, allow_overriding=[], cmake_args=None, cmake_target=None, cmake_target_skip_unavailable=False, cmake_clean_cache=False, cmake_clean_first=False, cmake_force_configure=False, ament_cmake_args=None, catkin_cmake_args=None, catkin_skip_building_tests=False, mixin_files=None, mixin=None, verb_parser=<colcon_mixin.mixin.mixin_argument.MixinArgumentDecorator object at 0xffffa3840a00>, verb_extension=<colcon_core.verb.build.BuildVerb object at 0xffffa3addab0>, main=<bound method BuildVerb.main of <colcon_core.verb.build.BuildVerb object at 0xffffa3addab0>>, mixin_verb=('build',))
[2.255s] Level 1:colcon.colcon_core.package_discovery:discover_packages(colcon_meta) check parameters
[2.255s] Level 1:colcon.colcon_core.package_discovery:discover_packages(recursive) check parameters
[2.256s] Level 1:colcon.colcon_core.package_discovery:discover_packages(ignore) check parameters
[2.256s] Level 1:colcon.colcon_core.package_discovery:discover_packages(path) check parameters
[2.256s] Level 1:colcon.colcon_core.package_discovery:discover_packages(colcon_meta) discover
[2.256s] Level 1:colcon.colcon_core.package_discovery:discover_packages(recursive) discover
[2.256s] INFO:colcon.colcon_core.package_discovery:Crawling recursively for packages in '/home/moonpie/mp2/moonpie_lari'
[2.257s] Level 1:colcon.colcon_core.package_identification:_identify(.) by extensions ['ignore', 'ignore_ament_install']
[2.257s] Level 1:colcon.colcon_core.package_identification:_identify(.) by extension 'ignore'
[2.258s] Level 1:colcon.colcon_core.package_identification:_identify(.) by extension 'ignore_ament_install'
[2.258s] Level 1:colcon.colcon_core.package_identification:_identify(.) by extensions ['colcon_pkg']
[2.258s] Level 1:colcon.colcon_core.package_identification:_identify(.) by extension 'colcon_pkg'
[2.258s] Level 1:colcon.colcon_core.package_identification:_identify(.) by extensions ['colcon_meta']
[2.259s] Level 1:colcon.colcon_core.package_identification:_identify(.) by extension 'colcon_meta'
[2.259s] Level 1:colcon.colcon_core.package_identification:_identify(.) by extensions ['ros']
[2.259s] Level 1:colcon.colcon_core.package_identification:_identify(.) by extension 'ros'
[2.376s] DEBUG:colcon.colcon_core.package_identification:Package '.' with type 'ros.ament_python' and name 'moonpie-lari'
[2.376s] Level 1:colcon.colcon_core.package_discovery:discover_packages(recursive) using defaults
[2.377s] Level 1:colcon.colcon_core.package_discovery:discover_packages(ignore) discover
[2.377s] Level 1:colcon.colcon_core.package_discovery:discover_packages(ignore) using defaults
[2.377s] Level 1:colcon.colcon_core.package_discovery:discover_packages(path) discover
[2.377s] Level 1:colcon.colcon_core.package_discovery:discover_packages(path) using defaults
[2.481s] Level 1:colcon.colcon_core.package_discovery:discover_packages(prefix_path) check parameters
[2.481s] Level 1:colcon.colcon_core.package_discovery:discover_packages(prefix_path) discover
[2.503s] DEBUG:colcon.colcon_installed_package_information.package_discovery:Found 271 installed packages in /opt/ros/humble
[2.514s] Level 1:colcon.colcon_core.package_discovery:discover_packages(prefix_path) using defaults
[2.680s] Level 5:colcon.colcon_core.verb:set package 'moonpie-lari' build argument 'cmake_args' from command line to 'None'
[2.680s] Level 5:colcon.colcon_core.verb:set package 'moonpie-lari' build argument 'cmake_target' from command line to 'None'
[2.680s] Level 5:colcon.colcon_core.verb:set package 'moonpie-lari' build argument 'cmake_target_skip_unavailable' from command line to 'False'
[2.680s] Level 5:colcon.colcon_core.verb:set package 'moonpie-lari' build argument 'cmake_clean_cache' from command line to 'False'
[2.680s] Level 5:colcon.colcon_core.verb:set package 'moonpie-lari' build argument 'cmake_clean_first' from command line to 'False'
[2.680s] Level 5:colcon.colcon_core.verb:set package 'moonpie-lari' build argument 'cmake_force_configure' from command line to 'False'
[2.681s] Level 5:colcon.colcon_core.verb:set package 'moonpie-lari' build argument 'ament_cmake_args' from command line to 'None'
[2.681s] Level 5:colcon.colcon_core.verb:set package 'moonpie-lari' build argument 'catkin_cmake_args' from command line to 'None'
[2.681s] Level 5:colcon.colcon_core.verb:set package 'moonpie-lari' build argument 'catkin_skip_building_tests' from command line to 'False'
[2.681s] DEBUG:colcon.colcon_core.verb:Building package 'moonpie-lari' with the following arguments: {'ament_cmake_args': None, 'build_base': '/home/moonpie/mp2/moonpie_lari/build/moonpie-lari', 'catkin_cmake_args': None, 'catkin_skip_building_tests': False, 'cmake_args': None, 'cmake_clean_cache': False, 'cmake_clean_first': False, 'cmake_force_configure': False, 'cmake_target': None, 'cmake_target_skip_unavailable': False, 'install_base': '/home/moonpie/mp2/moonpie_lari/install/moonpie-lari', 'merge_install': False, 'path': '/home/moonpie/mp2/moonpie_lari', 'symlink_install': False, 'test_result_base': None}
[2.682s] INFO:colcon.colcon_core.executor:Executing jobs using 'parallel' executor
[2.685s] DEBUG:colcon.colcon_parallel_executor.executor.parallel:run_until_complete
[2.686s] INFO:colcon.colcon_ros.task.ament_python.build:Building ROS package in '/home/moonpie/mp2/moonpie_lari' with build type 'ament_python'
[2.687s] Level 1:colcon.colcon_core.shell:create_environment_hook('moonpie-lari', 'ament_prefix_path')
[2.709s] INFO:colcon.colcon_core.plugin_system:Skipping extension 'colcon_core.shell.bat': Not used on non-Windows systems
[2.711s] INFO:colcon.colcon_core.shell:Creating environment hook '/home/moonpie/mp2/moonpie_lari/install/moonpie-lari/share/moonpie-lari/hook/ament_prefix_path.ps1'
[2.716s] INFO:colcon.colcon_core.shell:Creating environment descriptor '/home/moonpie/mp2/moonpie_lari/install/moonpie-lari/share/moonpie-lari/hook/ament_prefix_path.dsv'
[2.721s] INFO:colcon.colcon_core.shell:Creating environment hook '/home/moonpie/mp2/moonpie_lari/install/moonpie-lari/share/moonpie-lari/hook/ament_prefix_path.sh'
[2.728s] INFO:colcon.colcon_core.shell:Skip shell extension 'powershell' for command environment: Not usable outside of PowerShell
[2.728s] DEBUG:colcon.colcon_core.shell:Skip shell extension 'dsv' for command environment
[4.092s] INFO:colcon.colcon_core.task.python.build:Building Python package in '/home/moonpie/mp2/moonpie_lari'
[4.093s] INFO:colcon.colcon_core.shell:Skip shell extension 'powershell' for command environment: Not usable outside of PowerShell
[4.094s] DEBUG:colcon.colcon_core.shell:Skip shell extension 'dsv' for command environment
[6.055s] DEBUG:colcon.colcon_core.event_handler.log_command:Invoking command in '/home/moonpie/mp2/moonpie_lari': PYTHONPATH=/home/moonpie/mp2/moonpie_lari/build/moonpie-lari/prefix_override:/usr/lib/python3/dist-packages/colcon_core/task/python/colcon_distutils_commands:/home/moonpie/mp2/moonpie_lari/install/moonpie-lari/lib/python3.10/site-packages:${PYTHONPATH} /usr/bin/python3 -W ignore:setup.py install is deprecated -W ignore:easy_install command is deprecated setup.py egg_info --egg-base build/moonpie-lari build --build-base /home/moonpie/mp2/moonpie_lari/build/moonpie-lari/build install --record /home/moonpie/mp2/moonpie_lari/build/moonpie-lari/install.log --single-version-externally-managed install_data
[7.597s] DEBUG:colcon.colcon_core.event_handler.log_command:Invoked command in '/home/moonpie/mp2/moonpie_lari' returned '0': PYTHONPATH=/home/moonpie/mp2/moonpie_lari/build/moonpie-lari/prefix_override:/usr/lib/python3/dist-packages/colcon_core/task/python/colcon_distutils_commands:/home/moonpie/mp2/moonpie_lari/install/moonpie-lari/lib/python3.10/site-packages:${PYTHONPATH} /usr/bin/python3 -W ignore:setup.py install is deprecated -W ignore:easy_install command is deprecated setup.py egg_info --egg-base build/moonpie-lari build --build-base /home/moonpie/mp2/moonpie_lari/build/moonpie-lari/build install --record /home/moonpie/mp2/moonpie_lari/build/moonpie-lari/install.log --single-version-externally-managed install_data
[7.624s] Level 1:colcon.colcon_core.environment:checking '/home/moonpie/mp2/moonpie_lari/install/moonpie-lari' for CMake module files
[7.627s] Level 1:colcon.colcon_core.environment:checking '/home/moonpie/mp2/moonpie_lari/install/moonpie-lari' for CMake config files
[7.632s] Level 1:colcon.colcon_core.environment:checking '/home/moonpie/mp2/moonpie_lari/install/moonpie-lari/lib'
[7.633s] Level 1:colcon.colcon_core.environment:checking '/home/moonpie/mp2/moonpie_lari/install/moonpie-lari/bin'
[7.634s] Level 1:colcon.colcon_core.environment:checking '/home/moonpie/mp2/moonpie_lari/install/moonpie-lari/lib/pkgconfig/moonpie-lari.pc'
[7.635s] Level 1:colcon.colcon_core.environment:checking '/home/moonpie/mp2/moonpie_lari/install/moonpie-lari/lib/python3.10/site-packages'
[7.635s] Level 1:colcon.colcon_core.shell:create_environment_hook('moonpie-lari', 'pythonpath')
[7.636s] INFO:colcon.colcon_core.shell:Creating environment hook '/home/moonpie/mp2/moonpie_lari/install/moonpie-lari/share/moonpie-lari/hook/pythonpath.ps1'
[7.638s] INFO:colcon.colcon_core.shell:Creating environment descriptor '/home/moonpie/mp2/moonpie_lari/install/moonpie-lari/share/moonpie-lari/hook/pythonpath.dsv'
[7.640s] INFO:colcon.colcon_core.shell:Creating environment hook '/home/moonpie/mp2/moonpie_lari/install/moonpie-lari/share/moonpie-lari/hook/pythonpath.sh'
[7.643s] Level 1:colcon.colcon_core.environment:checking '/home/moonpie/mp2/moonpie_lari/install/moonpie-lari/bin'
[7.643s] Level 1:colcon.colcon_core.environment:create_environment_scripts_only(moonpie-lari)
[7.645s] INFO:colcon.colcon_core.shell:Creating package script '/home/moonpie/mp2/moonpie_lari/install/moonpie-lari/share/moonpie-lari/package.ps1'
[7.649s] INFO:colcon.colcon_core.shell:Creating package descriptor '/home/moonpie/mp2/moonpie_lari/install/moonpie-lari/share/moonpie-lari/package.dsv'
[7.655s] INFO:colcon.colcon_core.shell:Creating package script '/home/moonpie/mp2/moonpie_lari/install/moonpie-lari/share/moonpie-lari/package.sh'
[7.661s] INFO:colcon.colcon_core.shell:Creating package script '/home/moonpie/mp2/moonpie_lari/install/moonpie-lari/share/moonpie-lari/package.bash'
[7.672s] INFO:colcon.colcon_core.shell:Creating package script '/home/moonpie/mp2/moonpie_lari/install/moonpie-lari/share/moonpie-lari/package.zsh'
[7.679s] Level 1:colcon.colcon_core.environment:create_file_with_runtime_dependencies(/home/moonpie/mp2/moonpie_lari/install/moonpie-lari/share/colcon-core/packages/moonpie-lari)
[7.681s] DEBUG:colcon.colcon_parallel_executor.executor.parallel:closing loop
[7.683s] DEBUG:colcon.colcon_parallel_executor.executor.parallel:loop closed
[7.683s] DEBUG:colcon.colcon_parallel_executor.executor.parallel:run_until_complete finished with '0'
[7.684s] DEBUG:colcon.colcon_core.event_reactor:joining thread
[7.716s] INFO:colcon.colcon_core.plugin_system:Skipping extension 'colcon_notification.desktop_notification.terminal_notifier': Not used on non-Darwin systems
[7.716s] INFO:colcon.colcon_core.plugin_system:Skipping extension 'colcon_notification.desktop_notification.win32': Not used on non-Windows systems
[7.717s] INFO:colcon.colcon_notification.desktop_notification:Sending desktop notification using 'notify2'
[7.805s] DEBUG:colcon.colcon_core.event_reactor:joined thread
[7.808s] INFO:colcon.colcon_core.shell:Creating prefix script '/home/moonpie/mp2/moonpie_lari/install/local_setup.ps1'
[7.814s] INFO:colcon.colcon_core.shell:Creating prefix util module '/home/moonpie/mp2/moonpie_lari/install/_local_setup_util_ps1.py'
[7.824s] INFO:colcon.colcon_core.shell:Creating prefix chain script '/home/moonpie/mp2/moonpie_lari/install/setup.ps1'
[7.832s] INFO:colcon.colcon_core.shell:Creating prefix script '/home/moonpie/mp2/moonpie_lari/install/local_setup.sh'
[7.837s] INFO:colcon.colcon_core.shell:Creating prefix util module '/home/moonpie/mp2/moonpie_lari/install/_local_setup_util_sh.py'
[7.841s] INFO:colcon.colcon_core.shell:Creating prefix chain script '/home/moonpie/mp2/moonpie_lari/install/setup.sh'
[7.847s] INFO:colcon.colcon_core.shell:Creating prefix script '/home/moonpie/mp2/moonpie_lari/install/local_setup.bash'
[7.852s] INFO:colcon.colcon_core.shell:Creating prefix chain script '/home/moonpie/mp2/moonpie_lari/install/setup.bash'
[7.858s] INFO:colcon.colcon_core.shell:Creating prefix script '/home/moonpie/mp2/moonpie_lari/install/local_setup.zsh'
[7.863s] INFO:colcon.colcon_core.shell:Creating prefix chain script '/home/moonpie/mp2/moonpie_lari/install/setup.zsh'
