[3.047s] Invoking command in '/home/moonpie/mp2/moonpie_lari': PYTHONPATH=/home/moonpie/mp2/moonpie_lari/build/moonpie-lari/prefix_override:/usr/lib/python3/dist-packages/colcon_core/task/python/colcon_distutils_commands:/home/moonpie/mp2/moonpie_lari/install/moonpie-lari/lib/python3.10/site-packages:${PYTHONPATH} /usr/bin/python3 -W ignore:setup.py install is deprecated -W ignore:easy_install command is deprecated setup.py egg_info --egg-base build/moonpie-lari build --build-base /home/moonpie/mp2/moonpie_lari/build/moonpie-lari/build install --record /home/moonpie/mp2/moonpie_lari/build/moonpie-lari/install.log --single-version-externally-managed install_data
[4.261s] running egg_info
[4.265s] writing build/moonpie-lari/moonpie_lari.egg-info/PKG-INFO
[4.266s] writing dependency_links to build/moonpie-lari/moonpie_lari.egg-info/dependency_links.txt
[4.267s] writing entry points to build/moonpie-lari/moonpie_lari.egg-info/entry_points.txt
[4.269s] writing requirements to build/moonpie-lari/moonpie_lari.egg-info/requires.txt
[4.269s] writing top-level names to build/moonpie-lari/moonpie_lari.egg-info/top_level.txt
[4.281s] reading manifest file 'build/moonpie-lari/moonpie_lari.egg-info/SOURCES.txt'
[4.286s] writing manifest file 'build/moonpie-lari/moonpie_lari.egg-info/SOURCES.txt'
[4.287s] running build
[4.288s] running build_py
[4.290s] running install
[4.291s] running install_lib
[4.297s] running install_data
[4.297s] running install_egg_info
[4.304s] removing '/home/moonpie/mp2/moonpie_lari/install/moonpie-lari/lib/python3.10/site-packages/moonpie_lari-0.0.0-py3.10.egg-info' (and everything under it)
[4.306s] Copying build/moonpie-lari/moonpie_lari.egg-info to /home/moonpie/mp2/moonpie_lari/install/moonpie-lari/lib/python3.10/site-packages/moonpie_lari-0.0.0-py3.10.egg-info
[4.311s] running install_scripts
[4.403s] Installing arduino_control script to /home/moonpie/mp2/moonpie_lari/install/moonpie-lari/lib/moonpie-lari
[4.405s] writing list of installed files to '/home/moonpie/mp2/moonpie_lari/build/moonpie-lari/install.log'
[4.541s] Invoked command in '/home/moonpie/mp2/moonpie_lari' returned '0': PYTHONPATH=/home/moonpie/mp2/moonpie_lari/build/moonpie-lari/prefix_override:/usr/lib/python3/dist-packages/colcon_core/task/python/colcon_distutils_commands:/home/moonpie/mp2/moonpie_lari/install/moonpie-lari/lib/python3.10/site-packages:${PYTHONPATH} /usr/bin/python3 -W ignore:setup.py install is deprecated -W ignore:easy_install command is deprecated setup.py egg_info --egg-base build/moonpie-lari build --build-base /home/moonpie/mp2/moonpie_lari/build/moonpie-lari/build install --record /home/moonpie/mp2/moonpie_lari/build/moonpie-lari/install.log --single-version-externally-managed install_data
