[0.819s] DEBUG:colcon:Command line arguments: ['/usr/bin/colcon', 'build']
[0.819s] DEBUG:colcon:Parsed command line arguments: Namespace(log_base=None, log_level=None, verb_name='build', build_base='build', install_base='install', merge_install=False, symlink_install=False, test_result_base=None, continue_on_error=False, executor='parallel', parallel_workers=4, event_handlers=None, ignore_user_meta=False, metas=['./colcon.meta'], base_paths=['.'], packages_ignore=None, packages_ignore_regex=None, paths=None, packages_up_to=None, packages_up_to_regex=None, packages_above=None, packages_above_and_dependencies=None, packages_above_depth=None, packages_select_by_dep=None, packages_skip_by_dep=None, packages_skip_up_to=None, packages_select_build_failed=False, packages_skip_build_finished=False, packages_select_test_failures=False, packages_skip_test_passed=False, packages_select=None, packages_skip=None, packages_select_regex=None, packages_skip_regex=None, packages_start=None, packages_end=None, allow_overriding=[], cmake_args=None, cmake_target=None, cmake_target_skip_unavailable=False, cmake_clean_cache=False, cmake_clean_first=False, cmake_force_configure=False, ament_cmake_args=None, catkin_cmake_args=None, catkin_skip_building_tests=False, mixin_files=None, mixin=None, verb_parser=<colcon_mixin.mixin.mixin_argument.MixinArgumentDecorator object at 0xffffa49b0d30>, verb_extension=<colcon_core.verb.build.BuildVerb object at 0xffffa4c49d80>, main=<bound method BuildVerb.main of <colcon_core.verb.build.BuildVerb object at 0xffffa4c49d80>>, mixin_verb=('build',))
[2.016s] Level 1:colcon.colcon_core.package_discovery:discover_packages(colcon_meta) check parameters
[2.017s] Level 1:colcon.colcon_core.package_discovery:discover_packages(recursive) check parameters
[2.017s] Level 1:colcon.colcon_core.package_discovery:discover_packages(ignore) check parameters
[2.017s] Level 1:colcon.colcon_core.package_discovery:discover_packages(path) check parameters
[2.017s] Level 1:colcon.colcon_core.package_discovery:discover_packages(colcon_meta) discover
[2.018s] Level 1:colcon.colcon_core.package_discovery:discover_packages(recursive) discover
[2.018s] INFO:colcon.colcon_core.package_discovery:Crawling recursively for packages in '/home/moonpie/mp2/moonpie_lari'
[2.019s] Level 1:colcon.colcon_core.package_identification:_identify(.) by extensions ['ignore', 'ignore_ament_install']
[2.019s] Level 1:colcon.colcon_core.package_identification:_identify(.) by extension 'ignore'
[2.019s] Level 1:colcon.colcon_core.package_identification:_identify(.) by extension 'ignore_ament_install'
[2.020s] Level 1:colcon.colcon_core.package_identification:_identify(.) by extensions ['colcon_pkg']
[2.020s] Level 1:colcon.colcon_core.package_identification:_identify(.) by extension 'colcon_pkg'
[2.020s] Level 1:colcon.colcon_core.package_identification:_identify(.) by extensions ['colcon_meta']
[2.020s] Level 1:colcon.colcon_core.package_identification:_identify(.) by extension 'colcon_meta'
[2.020s] Level 1:colcon.colcon_core.package_identification:_identify(.) by extensions ['ros']
[2.021s] Level 1:colcon.colcon_core.package_identification:_identify(.) by extension 'ros'
[2.136s] DEBUG:colcon.colcon_core.package_identification:Package '.' with type 'ros.ament_python' and name 'moonpie-lari'
[2.136s] Level 1:colcon.colcon_core.package_discovery:discover_packages(recursive) using defaults
[2.137s] Level 1:colcon.colcon_core.package_discovery:discover_packages(ignore) discover
[2.137s] Level 1:colcon.colcon_core.package_discovery:discover_packages(ignore) using defaults
[2.137s] Level 1:colcon.colcon_core.package_discovery:discover_packages(path) discover
[2.137s] Level 1:colcon.colcon_core.package_discovery:discover_packages(path) using defaults
[2.238s] Level 1:colcon.colcon_core.package_discovery:discover_packages(prefix_path) check parameters
[2.238s] Level 1:colcon.colcon_core.package_discovery:discover_packages(prefix_path) discover
[2.276s] DEBUG:colcon.colcon_installed_package_information.package_discovery:Found 1 installed packages in /home/moonpie/mp2/moonpie_lari/install
[2.286s] DEBUG:colcon.colcon_installed_package_information.package_discovery:Found 271 installed packages in /opt/ros/humble
[2.297s] Level 1:colcon.colcon_core.package_discovery:discover_packages(prefix_path) using defaults
[2.457s] Level 5:colcon.colcon_core.verb:set package 'moonpie-lari' build argument 'cmake_args' from command line to 'None'
[2.457s] Level 5:colcon.colcon_core.verb:set package 'moonpie-lari' build argument 'cmake_target' from command line to 'None'
[2.457s] Level 5:colcon.colcon_core.verb:set package 'moonpie-lari' build argument 'cmake_target_skip_unavailable' from command line to 'False'
[2.457s] Level 5:colcon.colcon_core.verb:set package 'moonpie-lari' build argument 'cmake_clean_cache' from command line to 'False'
[2.457s] Level 5:colcon.colcon_core.verb:set package 'moonpie-lari' build argument 'cmake_clean_first' from command line to 'False'
[2.457s] Level 5:colcon.colcon_core.verb:set package 'moonpie-lari' build argument 'cmake_force_configure' from command line to 'False'
[2.457s] Level 5:colcon.colcon_core.verb:set package 'moonpie-lari' build argument 'ament_cmake_args' from command line to 'None'
[2.458s] Level 5:colcon.colcon_core.verb:set package 'moonpie-lari' build argument 'catkin_cmake_args' from command line to 'None'
[2.458s] Level 5:colcon.colcon_core.verb:set package 'moonpie-lari' build argument 'catkin_skip_building_tests' from command line to 'False'
[2.458s] DEBUG:colcon.colcon_core.verb:Building package 'moonpie-lari' with the following arguments: {'ament_cmake_args': None, 'build_base': '/home/moonpie/mp2/moonpie_lari/build/moonpie-lari', 'catkin_cmake_args': None, 'catkin_skip_building_tests': False, 'cmake_args': None, 'cmake_clean_cache': False, 'cmake_clean_first': False, 'cmake_force_configure': False, 'cmake_target': None, 'cmake_target_skip_unavailable': False, 'install_base': '/home/moonpie/mp2/moonpie_lari/install/moonpie-lari', 'merge_install': False, 'path': '/home/moonpie/mp2/moonpie_lari', 'symlink_install': False, 'test_result_base': None}
[2.458s] INFO:colcon.colcon_core.executor:Executing jobs using 'parallel' executor
[2.462s] DEBUG:colcon.colcon_parallel_executor.executor.parallel:run_until_complete
[2.462s] INFO:colcon.colcon_ros.task.ament_python.build:Building ROS package in '/home/moonpie/mp2/moonpie_lari' with build type 'ament_python'
[2.463s] Level 1:colcon.colcon_core.shell:create_environment_hook('moonpie-lari', 'ament_prefix_path')
[2.492s] INFO:colcon.colcon_core.plugin_system:Skipping extension 'colcon_core.shell.bat': Not used on non-Windows systems
[2.494s] INFO:colcon.colcon_core.shell:Creating environment hook '/home/moonpie/mp2/moonpie_lari/install/moonpie-lari/share/moonpie-lari/hook/ament_prefix_path.ps1'
[2.498s] INFO:colcon.colcon_core.shell:Creating environment descriptor '/home/moonpie/mp2/moonpie_lari/install/moonpie-lari/share/moonpie-lari/hook/ament_prefix_path.dsv'
[2.502s] INFO:colcon.colcon_core.shell:Creating environment hook '/home/moonpie/mp2/moonpie_lari/install/moonpie-lari/share/moonpie-lari/hook/ament_prefix_path.sh'
[2.507s] INFO:colcon.colcon_core.shell:Skip shell extension 'powershell' for command environment: Not usable outside of PowerShell
[2.508s] DEBUG:colcon.colcon_core.shell:Skip shell extension 'dsv' for command environment
[3.864s] INFO:colcon.colcon_core.task.python.build:Building Python package in '/home/moonpie/mp2/moonpie_lari'
[3.865s] INFO:colcon.colcon_core.shell:Skip shell extension 'powershell' for command environment: Not usable outside of PowerShell
[3.865s] DEBUG:colcon.colcon_core.shell:Skip shell extension 'dsv' for command environment
[5.658s] DEBUG:colcon.colcon_core.event_handler.log_command:Invoking command in '/home/moonpie/mp2/moonpie_lari': PYTHONPATH=/home/moonpie/mp2/moonpie_lari/build/moonpie-lari/prefix_override:/usr/lib/python3/dist-packages/colcon_core/task/python/colcon_distutils_commands:/home/moonpie/mp2/moonpie_lari/install/moonpie-lari/lib/python3.10/site-packages:${PYTHONPATH} /usr/bin/python3 -W ignore:setup.py install is deprecated -W ignore:easy_install command is deprecated setup.py egg_info --egg-base build/moonpie-lari build --build-base /home/moonpie/mp2/moonpie_lari/build/moonpie-lari/build install --record /home/moonpie/mp2/moonpie_lari/build/moonpie-lari/install.log --single-version-externally-managed install_data
[7.170s] DEBUG:colcon.colcon_core.event_handler.log_command:Invoked command in '/home/moonpie/mp2/moonpie_lari' returned '0': PYTHONPATH=/home/moonpie/mp2/moonpie_lari/build/moonpie-lari/prefix_override:/usr/lib/python3/dist-packages/colcon_core/task/python/colcon_distutils_commands:/home/moonpie/mp2/moonpie_lari/install/moonpie-lari/lib/python3.10/site-packages:${PYTHONPATH} /usr/bin/python3 -W ignore:setup.py install is deprecated -W ignore:easy_install command is deprecated setup.py egg_info --egg-base build/moonpie-lari build --build-base /home/moonpie/mp2/moonpie_lari/build/moonpie-lari/build install --record /home/moonpie/mp2/moonpie_lari/build/moonpie-lari/install.log --single-version-externally-managed install_data
[7.195s] Level 1:colcon.colcon_core.environment:checking '/home/moonpie/mp2/moonpie_lari/install/moonpie-lari' for CMake module files
[7.198s] Level 1:colcon.colcon_core.environment:checking '/home/moonpie/mp2/moonpie_lari/install/moonpie-lari' for CMake config files
[7.203s] Level 1:colcon.colcon_core.environment:checking '/home/moonpie/mp2/moonpie_lari/install/moonpie-lari/lib'
[7.204s] Level 1:colcon.colcon_core.environment:checking '/home/moonpie/mp2/moonpie_lari/install/moonpie-lari/bin'
[7.205s] Level 1:colcon.colcon_core.environment:checking '/home/moonpie/mp2/moonpie_lari/install/moonpie-lari/lib/pkgconfig/moonpie-lari.pc'
[7.206s] Level 1:colcon.colcon_core.environment:checking '/home/moonpie/mp2/moonpie_lari/install/moonpie-lari/lib/python3.10/site-packages'
[7.206s] Level 1:colcon.colcon_core.shell:create_environment_hook('moonpie-lari', 'pythonpath')
[7.207s] INFO:colcon.colcon_core.shell:Creating environment hook '/home/moonpie/mp2/moonpie_lari/install/moonpie-lari/share/moonpie-lari/hook/pythonpath.ps1'
[7.209s] INFO:colcon.colcon_core.shell:Creating environment descriptor '/home/moonpie/mp2/moonpie_lari/install/moonpie-lari/share/moonpie-lari/hook/pythonpath.dsv'
[7.211s] INFO:colcon.colcon_core.shell:Creating environment hook '/home/moonpie/mp2/moonpie_lari/install/moonpie-lari/share/moonpie-lari/hook/pythonpath.sh'
[7.214s] Level 1:colcon.colcon_core.environment:checking '/home/moonpie/mp2/moonpie_lari/install/moonpie-lari/bin'
[7.214s] Level 1:colcon.colcon_core.environment:create_environment_scripts_only(moonpie-lari)
[7.216s] INFO:colcon.colcon_core.shell:Creating package script '/home/moonpie/mp2/moonpie_lari/install/moonpie-lari/share/moonpie-lari/package.ps1'
[7.220s] INFO:colcon.colcon_core.shell:Creating package descriptor '/home/moonpie/mp2/moonpie_lari/install/moonpie-lari/share/moonpie-lari/package.dsv'
[7.225s] INFO:colcon.colcon_core.shell:Creating package script '/home/moonpie/mp2/moonpie_lari/install/moonpie-lari/share/moonpie-lari/package.sh'
[7.230s] INFO:colcon.colcon_core.shell:Creating package script '/home/moonpie/mp2/moonpie_lari/install/moonpie-lari/share/moonpie-lari/package.bash'
[7.242s] INFO:colcon.colcon_core.shell:Creating package script '/home/moonpie/mp2/moonpie_lari/install/moonpie-lari/share/moonpie-lari/package.zsh'
[7.273s] Level 1:colcon.colcon_core.environment:create_file_with_runtime_dependencies(/home/moonpie/mp2/moonpie_lari/install/moonpie-lari/share/colcon-core/packages/moonpie-lari)
[7.276s] DEBUG:colcon.colcon_parallel_executor.executor.parallel:closing loop
[7.278s] DEBUG:colcon.colcon_parallel_executor.executor.parallel:loop closed
[7.279s] DEBUG:colcon.colcon_parallel_executor.executor.parallel:run_until_complete finished with '0'
[7.280s] DEBUG:colcon.colcon_core.event_reactor:joining thread
[7.342s] INFO:colcon.colcon_core.plugin_system:Skipping extension 'colcon_notification.desktop_notification.terminal_notifier': Not used on non-Darwin systems
[7.343s] INFO:colcon.colcon_core.plugin_system:Skipping extension 'colcon_notification.desktop_notification.win32': Not used on non-Windows systems
[7.343s] INFO:colcon.colcon_notification.desktop_notification:Sending desktop notification using 'notify2'
[7.433s] DEBUG:colcon.colcon_core.event_reactor:joined thread
[7.436s] INFO:colcon.colcon_core.shell:Creating prefix script '/home/moonpie/mp2/moonpie_lari/install/local_setup.ps1'
[7.442s] INFO:colcon.colcon_core.shell:Creating prefix util module '/home/moonpie/mp2/moonpie_lari/install/_local_setup_util_ps1.py'
[7.451s] INFO:colcon.colcon_core.shell:Creating prefix chain script '/home/moonpie/mp2/moonpie_lari/install/setup.ps1'
[7.459s] INFO:colcon.colcon_core.shell:Creating prefix script '/home/moonpie/mp2/moonpie_lari/install/local_setup.sh'
[7.463s] INFO:colcon.colcon_core.shell:Creating prefix util module '/home/moonpie/mp2/moonpie_lari/install/_local_setup_util_sh.py'
[7.467s] INFO:colcon.colcon_core.shell:Creating prefix chain script '/home/moonpie/mp2/moonpie_lari/install/setup.sh'
[7.474s] INFO:colcon.colcon_core.shell:Creating prefix script '/home/moonpie/mp2/moonpie_lari/install/local_setup.bash'
[7.479s] INFO:colcon.colcon_core.shell:Creating prefix chain script '/home/moonpie/mp2/moonpie_lari/install/setup.bash'
[7.486s] INFO:colcon.colcon_core.shell:Creating prefix script '/home/moonpie/mp2/moonpie_lari/install/local_setup.zsh'
[7.491s] INFO:colcon.colcon_core.shell:Creating prefix chain script '/home/moonpie/mp2/moonpie_lari/install/setup.zsh'
