running egg_info
creating build/moonpie-lari/moonpie_lari.egg-info
writing build/moonpie-lari/moonpie_lari.egg-info/PKG-INFO
writing dependency_links to build/moonpie-lari/moonpie_lari.egg-info/dependency_links.txt
writing entry points to build/moonpie-lari/moonpie_lari.egg-info/entry_points.txt
writing requirements to build/moonpie-lari/moonpie_lari.egg-info/requires.txt
writing top-level names to build/moonpie-lari/moonpie_lari.egg-info/top_level.txt
writing manifest file 'build/moonpie-lari/moonpie_lari.egg-info/SOURCES.txt'
reading manifest file 'build/moonpie-lari/moonpie_lari.egg-info/SOURCES.txt'
writing manifest file 'build/moonpie-lari/moonpie_lari.egg-info/SOURCES.txt'
running build
running build_py
creating /home/moonpie/mp2/moonpie_lari/build/moonpie-lari/build
creating /home/moonpie/mp2/moonpie_lari/build/moonpie-lari/build/lib
creating /home/moonpie/mp2/moonpie_lari/build/moonpie-lari/build/lib/moonpie_lari
copying moonpie_lari/arduino_control.py -> /home/moonpie/mp2/moonpie_lari/build/moonpie-lari/build/lib/moonpie_lari
copying moonpie_lari/__init__.py -> /home/moonpie/mp2/moonpie_lari/build/moonpie-lari/build/lib/moonpie_lari
running install
running install_lib
creating /home/moonpie/mp2/moonpie_lari/install/moonpie-lari/lib/python3.10/site-packages/moonpie_lari
copying /home/moonpie/mp2/moonpie_lari/build/moonpie-lari/build/lib/moonpie_lari/arduino_control.py -> /home/moonpie/mp2/moonpie_lari/install/moonpie-lari/lib/python3.10/site-packages/moonpie_lari
copying /home/moonpie/mp2/moonpie_lari/build/moonpie-lari/build/lib/moonpie_lari/__init__.py -> /home/moonpie/mp2/moonpie_lari/install/moonpie-lari/lib/python3.10/site-packages/moonpie_lari
byte-compiling /home/moonpie/mp2/moonpie_lari/install/moonpie-lari/lib/python3.10/site-packages/moonpie_lari/arduino_control.py to arduino_control.cpython-310.pyc
byte-compiling /home/moonpie/mp2/moonpie_lari/install/moonpie-lari/lib/python3.10/site-packages/moonpie_lari/__init__.py to __init__.cpython-310.pyc
running install_data
creating /home/moonpie/mp2/moonpie_lari/install/moonpie-lari/share/ament_index
creating /home/moonpie/mp2/moonpie_lari/install/moonpie-lari/share/ament_index/resource_index
creating /home/moonpie/mp2/moonpie_lari/install/moonpie-lari/share/ament_index/resource_index/packages
copying resource/moonpie-lari -> /home/moonpie/mp2/moonpie_lari/install/moonpie-lari/share/ament_index/resource_index/packages
copying package.xml -> /home/moonpie/mp2/moonpie_lari/install/moonpie-lari/share/moonpie-lari
running install_egg_info
Copying build/moonpie-lari/moonpie_lari.egg-info to /home/moonpie/mp2/moonpie_lari/install/moonpie-lari/lib/python3.10/site-packages/moonpie_lari-0.0.0-py3.10.egg-info
running install_scripts
Installing arduino_control script to /home/moonpie/mp2/moonpie_lari/install/moonpie-lari/lib/moonpie-lari
writing list of installed files to '/home/moonpie/mp2/moonpie_lari/build/moonpie-lari/install.log'
