[3.070s] Invoking command in '/home/moonpie/mp2/moonpie_lari': PYTHONPATH=/home/moonpie/mp2/moonpie_lari/build/moonpie-lari/prefix_override:/usr/lib/python3/dist-packages/colcon_core/task/python/colcon_distutils_commands:/home/moonpie/mp2/moonpie_lari/install/moonpie-lari/lib/python3.10/site-packages:${PYTHONPATH} /usr/bin/python3 -W ignore:setup.py install is deprecated -W ignore:easy_install command is deprecated setup.py egg_info --egg-base build/moonpie-lari build --build-base /home/moonpie/mp2/moonpie_lari/build/moonpie-lari/build install --record /home/moonpie/mp2/moonpie_lari/build/moonpie-lari/install.log --single-version-externally-managed install_data
[4.304s] running egg_info
[4.307s] writing build/moonpie-lari/moonpie_lari.egg-info/PKG-INFO
[4.308s] writing dependency_links to build/moonpie-lari/moonpie_lari.egg-info/dependency_links.txt
[4.309s] writing entry points to build/moonpie-lari/moonpie_lari.egg-info/entry_points.txt
[4.310s] writing requirements to build/moonpie-lari/moonpie_lari.egg-info/requires.txt
[4.310s] writing top-level names to build/moonpie-lari/moonpie_lari.egg-info/top_level.txt
[4.319s] reading manifest file 'build/moonpie-lari/moonpie_lari.egg-info/SOURCES.txt'
[4.323s] writing manifest file 'build/moonpie-lari/moonpie_lari.egg-info/SOURCES.txt'
[4.323s] running build
[4.324s] running build_py
[4.324s] copying moonpie_lari/arduino_control.py -> /home/moonpie/mp2/moonpie_lari/build/moonpie-lari/build/lib/moonpie_lari
[4.326s] running install
[4.327s] running install_lib
[4.331s] copying /home/moonpie/mp2/moonpie_lari/build/moonpie-lari/build/lib/moonpie_lari/arduino_control.py -> /home/moonpie/mp2/moonpie_lari/install/moonpie-lari/lib/python3.10/site-packages/moonpie_lari
[4.334s] byte-compiling /home/moonpie/mp2/moonpie_lari/install/moonpie-lari/lib/python3.10/site-packages/moonpie_lari/arduino_control.py to arduino_control.cpython-310.pyc
[4.339s] running install_data
[4.340s] running install_egg_info
[4.347s] removing '/home/moonpie/mp2/moonpie_lari/install/moonpie-lari/lib/python3.10/site-packages/moonpie_lari-0.0.0-py3.10.egg-info' (and everything under it)
[4.348s] Copying build/moonpie-lari/moonpie_lari.egg-info to /home/moonpie/mp2/moonpie_lari/install/moonpie-lari/lib/python3.10/site-packages/moonpie_lari-0.0.0-py3.10.egg-info
[4.354s] running install_scripts
[4.447s] Installing arduino_control script to /home/moonpie/mp2/moonpie_lari/install/moonpie-lari/lib/moonpie-lari
[4.448s] writing list of installed files to '/home/moonpie/mp2/moonpie_lari/build/moonpie-lari/install.log'
[4.594s] Invoked command in '/home/moonpie/mp2/moonpie_lari' returned '0': PYTHONPATH=/home/moonpie/mp2/moonpie_lari/build/moonpie-lari/prefix_override:/usr/lib/python3/dist-packages/colcon_core/task/python/colcon_distutils_commands:/home/moonpie/mp2/moonpie_lari/install/moonpie-lari/lib/python3.10/site-packages:${PYTHONPATH} /usr/bin/python3 -W ignore:setup.py install is deprecated -W ignore:easy_install command is deprecated setup.py egg_info --egg-base build/moonpie-lari build --build-base /home/moonpie/mp2/moonpie_lari/build/moonpie-lari/build install --record /home/moonpie/mp2/moonpie_lari/build/moonpie-lari/install.log --single-version-externally-managed install_data
