[0.556s] DEBUG:colcon:Command line arguments: ['/usr/bin/colcon', 'build']
[0.556s] DEBUG:colcon:Parsed command line arguments: Namespace(log_base=None, log_level=None, verb_name='build', build_base='build', install_base='install', merge_install=False, symlink_install=False, test_result_base=None, continue_on_error=False, executor='parallel', parallel_workers=4, event_handlers=None, ignore_user_meta=False, metas=['./colcon.meta'], base_paths=['.'], packages_ignore=None, packages_ignore_regex=None, paths=None, packages_up_to=None, packages_up_to_regex=None, packages_above=None, packages_above_and_dependencies=None, packages_above_depth=None, packages_select_by_dep=None, packages_skip_by_dep=None, packages_skip_up_to=None, packages_select_build_failed=False, packages_skip_build_finished=False, packages_select_test_failures=False, packages_skip_test_passed=False, packages_select=None, packages_skip=None, packages_select_regex=None, packages_skip_regex=None, packages_start=None, packages_end=None, allow_overriding=[], cmake_args=None, cmake_target=None, cmake_target_skip_unavailable=False, cmake_clean_cache=False, cmake_clean_first=False, cmake_force_configure=False, ament_cmake_args=None, catkin_cmake_args=None, catkin_skip_building_tests=False, mixin_files=None, mixin=None, verb_parser=<colcon_mixin.mixin.mixin_argument.MixinArgumentDecorator object at 0xffff96790d30>, verb_extension=<colcon_core.verb.build.BuildVerb object at 0xffff96a29d80>, main=<bound method BuildVerb.main of <colcon_core.verb.build.BuildVerb object at 0xffff96a29d80>>, mixin_verb=('build',))
[1.362s] Level 1:colcon.colcon_core.package_discovery:discover_packages(colcon_meta) check parameters
[1.362s] Level 1:colcon.colcon_core.package_discovery:discover_packages(recursive) check parameters
[1.363s] Level 1:colcon.colcon_core.package_discovery:discover_packages(ignore) check parameters
[1.363s] Level 1:colcon.colcon_core.package_discovery:discover_packages(path) check parameters
[1.363s] Level 1:colcon.colcon_core.package_discovery:discover_packages(colcon_meta) discover
[1.363s] Level 1:colcon.colcon_core.package_discovery:discover_packages(recursive) discover
[1.363s] INFO:colcon.colcon_core.package_discovery:Crawling recursively for packages in '/home/moonpie/mp2/moonpie_lari'
[1.364s] Level 1:colcon.colcon_core.package_identification:_identify(.) by extensions ['ignore', 'ignore_ament_install']
[1.364s] Level 1:colcon.colcon_core.package_identification:_identify(.) by extension 'ignore'
[1.364s] Level 1:colcon.colcon_core.package_identification:_identify(.) by extension 'ignore_ament_install'
[1.364s] Level 1:colcon.colcon_core.package_identification:_identify(.) by extensions ['colcon_pkg']
[1.365s] Level 1:colcon.colcon_core.package_identification:_identify(.) by extension 'colcon_pkg'
[1.365s] Level 1:colcon.colcon_core.package_identification:_identify(.) by extensions ['colcon_meta']
[1.365s] Level 1:colcon.colcon_core.package_identification:_identify(.) by extension 'colcon_meta'
[1.365s] Level 1:colcon.colcon_core.package_identification:_identify(.) by extensions ['ros']
[1.365s] Level 1:colcon.colcon_core.package_identification:_identify(.) by extension 'ros'
[1.468s] DEBUG:colcon.colcon_core.package_identification:Package '.' with type 'ros.ament_python' and name 'moonpie-lari'
[1.468s] Level 1:colcon.colcon_core.package_discovery:discover_packages(recursive) using defaults
[1.469s] Level 1:colcon.colcon_core.package_discovery:discover_packages(ignore) discover
[1.469s] Level 1:colcon.colcon_core.package_discovery:discover_packages(ignore) using defaults
[1.469s] Level 1:colcon.colcon_core.package_discovery:discover_packages(path) discover
[1.469s] Level 1:colcon.colcon_core.package_discovery:discover_packages(path) using defaults
[1.554s] Level 1:colcon.colcon_core.package_discovery:discover_packages(prefix_path) check parameters
[1.555s] Level 1:colcon.colcon_core.package_discovery:discover_packages(prefix_path) discover
[1.563s] DEBUG:colcon.colcon_installed_package_information.package_discovery:Found 1 installed packages in /home/moonpie/mp2/moonpie_lari/install
[1.572s] DEBUG:colcon.colcon_installed_package_information.package_discovery:Found 271 installed packages in /opt/ros/humble
[1.583s] Level 1:colcon.colcon_core.package_discovery:discover_packages(prefix_path) using defaults
[1.742s] Level 5:colcon.colcon_core.verb:set package 'moonpie-lari' build argument 'cmake_args' from command line to 'None'
[1.742s] Level 5:colcon.colcon_core.verb:set package 'moonpie-lari' build argument 'cmake_target' from command line to 'None'
[1.742s] Level 5:colcon.colcon_core.verb:set package 'moonpie-lari' build argument 'cmake_target_skip_unavailable' from command line to 'False'
[1.742s] Level 5:colcon.colcon_core.verb:set package 'moonpie-lari' build argument 'cmake_clean_cache' from command line to 'False'
[1.743s] Level 5:colcon.colcon_core.verb:set package 'moonpie-lari' build argument 'cmake_clean_first' from command line to 'False'
[1.743s] Level 5:colcon.colcon_core.verb:set package 'moonpie-lari' build argument 'cmake_force_configure' from command line to 'False'
[1.743s] Level 5:colcon.colcon_core.verb:set package 'moonpie-lari' build argument 'ament_cmake_args' from command line to 'None'
[1.743s] Level 5:colcon.colcon_core.verb:set package 'moonpie-lari' build argument 'catkin_cmake_args' from command line to 'None'
[1.743s] Level 5:colcon.colcon_core.verb:set package 'moonpie-lari' build argument 'catkin_skip_building_tests' from command line to 'False'
[1.743s] DEBUG:colcon.colcon_core.verb:Building package 'moonpie-lari' with the following arguments: {'ament_cmake_args': None, 'build_base': '/home/moonpie/mp2/moonpie_lari/build/moonpie-lari', 'catkin_cmake_args': None, 'catkin_skip_building_tests': False, 'cmake_args': None, 'cmake_clean_cache': False, 'cmake_clean_first': False, 'cmake_force_configure': False, 'cmake_target': None, 'cmake_target_skip_unavailable': False, 'install_base': '/home/moonpie/mp2/moonpie_lari/install/moonpie-lari', 'merge_install': False, 'path': '/home/moonpie/mp2/moonpie_lari', 'symlink_install': False, 'test_result_base': None}
[1.744s] INFO:colcon.colcon_core.executor:Executing jobs using 'parallel' executor
[1.747s] DEBUG:colcon.colcon_parallel_executor.executor.parallel:run_until_complete
[1.748s] INFO:colcon.colcon_ros.task.ament_python.build:Building ROS package in '/home/moonpie/mp2/moonpie_lari' with build type 'ament_python'
[1.749s] Level 1:colcon.colcon_core.shell:create_environment_hook('moonpie-lari', 'ament_prefix_path')
[1.759s] INFO:colcon.colcon_core.plugin_system:Skipping extension 'colcon_core.shell.bat': Not used on non-Windows systems
[1.761s] INFO:colcon.colcon_core.shell:Creating environment hook '/home/moonpie/mp2/moonpie_lari/install/moonpie-lari/share/moonpie-lari/hook/ament_prefix_path.ps1'
[1.765s] INFO:colcon.colcon_core.shell:Creating environment descriptor '/home/moonpie/mp2/moonpie_lari/install/moonpie-lari/share/moonpie-lari/hook/ament_prefix_path.dsv'
[1.768s] INFO:colcon.colcon_core.shell:Creating environment hook '/home/moonpie/mp2/moonpie_lari/install/moonpie-lari/share/moonpie-lari/hook/ament_prefix_path.sh'
[1.771s] INFO:colcon.colcon_core.shell:Skip shell extension 'powershell' for command environment: Not usable outside of PowerShell
[1.772s] DEBUG:colcon.colcon_core.shell:Skip shell extension 'dsv' for command environment
[3.104s] INFO:colcon.colcon_core.task.python.build:Building Python package in '/home/moonpie/mp2/moonpie_lari'
[3.105s] INFO:colcon.colcon_core.shell:Skip shell extension 'powershell' for command environment: Not usable outside of PowerShell
[3.105s] DEBUG:colcon.colcon_core.shell:Skip shell extension 'dsv' for command environment
[4.750s] DEBUG:colcon.colcon_core.event_handler.log_command:Invoking command in '/home/moonpie/mp2/moonpie_lari': PYTHONPATH=/home/moonpie/mp2/moonpie_lari/build/moonpie-lari/prefix_override:/usr/lib/python3/dist-packages/colcon_core/task/python/colcon_distutils_commands:/home/moonpie/mp2/moonpie_lari/install/moonpie-lari/lib/python3.10/site-packages:${PYTHONPATH} /usr/bin/python3 -W ignore:setup.py install is deprecated -W ignore:easy_install command is deprecated setup.py egg_info --egg-base build/moonpie-lari build --build-base /home/moonpie/mp2/moonpie_lari/build/moonpie-lari/build install --record /home/moonpie/mp2/moonpie_lari/build/moonpie-lari/install.log --single-version-externally-managed install_data
[6.240s] DEBUG:colcon.colcon_core.event_handler.log_command:Invoked command in '/home/moonpie/mp2/moonpie_lari' returned '0': PYTHONPATH=/home/moonpie/mp2/moonpie_lari/build/moonpie-lari/prefix_override:/usr/lib/python3/dist-packages/colcon_core/task/python/colcon_distutils_commands:/home/moonpie/mp2/moonpie_lari/install/moonpie-lari/lib/python3.10/site-packages:${PYTHONPATH} /usr/bin/python3 -W ignore:setup.py install is deprecated -W ignore:easy_install command is deprecated setup.py egg_info --egg-base build/moonpie-lari build --build-base /home/moonpie/mp2/moonpie_lari/build/moonpie-lari/build install --record /home/moonpie/mp2/moonpie_lari/build/moonpie-lari/install.log --single-version-externally-managed install_data
[6.254s] Level 1:colcon.colcon_core.environment:checking '/home/moonpie/mp2/moonpie_lari/install/moonpie-lari' for CMake module files
[6.257s] Level 1:colcon.colcon_core.environment:checking '/home/moonpie/mp2/moonpie_lari/install/moonpie-lari' for CMake config files
[6.260s] Level 1:colcon.colcon_core.environment:checking '/home/moonpie/mp2/moonpie_lari/install/moonpie-lari/lib'
[6.261s] Level 1:colcon.colcon_core.environment:checking '/home/moonpie/mp2/moonpie_lari/install/moonpie-lari/bin'
[6.262s] Level 1:colcon.colcon_core.environment:checking '/home/moonpie/mp2/moonpie_lari/install/moonpie-lari/lib/pkgconfig/moonpie-lari.pc'
[6.263s] Level 1:colcon.colcon_core.environment:checking '/home/moonpie/mp2/moonpie_lari/install/moonpie-lari/lib/python3.10/site-packages'
[6.263s] Level 1:colcon.colcon_core.shell:create_environment_hook('moonpie-lari', 'pythonpath')
[6.264s] INFO:colcon.colcon_core.shell:Creating environment hook '/home/moonpie/mp2/moonpie_lari/install/moonpie-lari/share/moonpie-lari/hook/pythonpath.ps1'
[6.266s] INFO:colcon.colcon_core.shell:Creating environment descriptor '/home/moonpie/mp2/moonpie_lari/install/moonpie-lari/share/moonpie-lari/hook/pythonpath.dsv'
[6.268s] INFO:colcon.colcon_core.shell:Creating environment hook '/home/moonpie/mp2/moonpie_lari/install/moonpie-lari/share/moonpie-lari/hook/pythonpath.sh'
[6.271s] Level 1:colcon.colcon_core.environment:checking '/home/moonpie/mp2/moonpie_lari/install/moonpie-lari/bin'
[6.271s] Level 1:colcon.colcon_core.environment:create_environment_scripts_only(moonpie-lari)
[6.272s] INFO:colcon.colcon_core.shell:Creating package script '/home/moonpie/mp2/moonpie_lari/install/moonpie-lari/share/moonpie-lari/package.ps1'
[6.277s] INFO:colcon.colcon_core.shell:Creating package descriptor '/home/moonpie/mp2/moonpie_lari/install/moonpie-lari/share/moonpie-lari/package.dsv'
[6.280s] INFO:colcon.colcon_core.shell:Creating package script '/home/moonpie/mp2/moonpie_lari/install/moonpie-lari/share/moonpie-lari/package.sh'
[6.283s] INFO:colcon.colcon_core.shell:Creating package script '/home/moonpie/mp2/moonpie_lari/install/moonpie-lari/share/moonpie-lari/package.bash'
[6.287s] INFO:colcon.colcon_core.shell:Creating package script '/home/moonpie/mp2/moonpie_lari/install/moonpie-lari/share/moonpie-lari/package.zsh'
[6.291s] Level 1:colcon.colcon_core.environment:create_file_with_runtime_dependencies(/home/moonpie/mp2/moonpie_lari/install/moonpie-lari/share/colcon-core/packages/moonpie-lari)
[6.293s] DEBUG:colcon.colcon_parallel_executor.executor.parallel:closing loop
[6.294s] DEBUG:colcon.colcon_parallel_executor.executor.parallel:loop closed
[6.295s] DEBUG:colcon.colcon_parallel_executor.executor.parallel:run_until_complete finished with '0'
[6.295s] DEBUG:colcon.colcon_core.event_reactor:joining thread
[6.320s] INFO:colcon.colcon_core.plugin_system:Skipping extension 'colcon_notification.desktop_notification.terminal_notifier': Not used on non-Darwin systems
[6.320s] INFO:colcon.colcon_core.plugin_system:Skipping extension 'colcon_notification.desktop_notification.win32': Not used on non-Windows systems
[6.320s] INFO:colcon.colcon_notification.desktop_notification:Sending desktop notification using 'notify2'
[6.381s] DEBUG:colcon.colcon_core.event_reactor:joined thread
[6.382s] INFO:colcon.colcon_core.shell:Creating prefix script '/home/moonpie/mp2/moonpie_lari/install/local_setup.ps1'
[6.387s] INFO:colcon.colcon_core.shell:Creating prefix util module '/home/moonpie/mp2/moonpie_lari/install/_local_setup_util_ps1.py'
[6.395s] INFO:colcon.colcon_core.shell:Creating prefix chain script '/home/moonpie/mp2/moonpie_lari/install/setup.ps1'
[6.402s] INFO:colcon.colcon_core.shell:Creating prefix script '/home/moonpie/mp2/moonpie_lari/install/local_setup.sh'
[6.405s] INFO:colcon.colcon_core.shell:Creating prefix util module '/home/moonpie/mp2/moonpie_lari/install/_local_setup_util_sh.py'
[6.408s] INFO:colcon.colcon_core.shell:Creating prefix chain script '/home/moonpie/mp2/moonpie_lari/install/setup.sh'
[6.413s] INFO:colcon.colcon_core.shell:Creating prefix script '/home/moonpie/mp2/moonpie_lari/install/local_setup.bash'
[6.416s] INFO:colcon.colcon_core.shell:Creating prefix chain script '/home/moonpie/mp2/moonpie_lari/install/setup.bash'
[6.422s] INFO:colcon.colcon_core.shell:Creating prefix script '/home/moonpie/mp2/moonpie_lari/install/local_setup.zsh'
[6.425s] INFO:colcon.colcon_core.shell:Creating prefix chain script '/home/moonpie/mp2/moonpie_lari/install/setup.zsh'
